#
# A fatal error has been detected by the Java Runtime Environment:
#
#  SIGSEGV (0xb) at pc=0x00007feade616fe4, pid=6034, tid=0x00007feadf0b6700
#
# JRE version: Java(TM) SE Runtime Environment (8.0_101-b13) (build 1.8.0_101-b13)
# Java VM: Java HotSpot(TM) 64-Bit Server VM (25.101-b13 mixed mode linux-amd64 compressed oops)
# Problematic frame:
# C  [libc.so.6+0x15efe4]
#
# Failed to write core dump. Core dumps have been disabled. To enable core dumping, try "ulimit -c unlimited" before starting Java again
#
# If you would like to submit a bug report, please visit:
#   http://bugreport.java.com/bugreport/crash.jsp
# The crash happened outside the Java Virtual Machine in native code.
# See problematic frame for where to report the bug.
#

---------------  T H R E A D  ---------------

Current thread (0x00007fead8009800):  JavaThread "main" [_thread_in_native, id=6035, stack(0x00007feadefb6000,0x00007feadf0b7000)]

siginfo: si_signo: 11 (SIGSEGV), si_code: 2 (SEGV_ACCERR), si_addr: 0x00007feac4ae6ff0

Registers:
RAX=0x00007fead8f03af0, RBX=0x000000000000632f, RCX=0x0000000000010000, RDX=0x0000000000003120
RSP=0x00007feadf0b3578, RBP=0x00007feadf0b35d0, RSI=0x00007feac4ae700c, RDI=0x00007fead8f06c90
R8 =0x00007fead8f09e0f, R9 =0x00007feade616fe0, R10=0x00007fead8000078, R11=0x00007feade64f390
R12=0x00007feac4ae3e3e, R13=0x00007fead8f86c30, R14=0x0000000000006f6f, R15=0x00007fead81b12f0
RIP=0x00007feade616fe4, EFLAGS=0x0000000000010202, CSGSFS=0x6e75000000000033, ERR=0x0000000000000004
  TRAPNO=0x000000000000000e

Top of Stack: (sp=0x00007feadf0b3578)
0x00007feadf0b3578:   00007feadc13abb4 00007feadf0b35e0
0x00007feadf0b3588:   64726fea00000000 000000000000632f
0x00007feadf0b3598:   00000000702e3166 00007fead8f86c30
0x00007feadf0b35a8:   00007fead8213d40 00007fea3c0025a0
0x00007feadf0b35b8:   00007fead81b12f0 000000005305ac14
0x00007feadf0b35c8:   0000000000000034 00007feadf0b3630
0x00007feadf0b35d8:   00007feadc13b18f 00007fead8009800
0x00007feadf0b35e8:   01007feaddbdf8ff 00007feadf0b3650
0x00007feadf0b35f8:   00007feadf0b3685 00007feadf0b3683
0x00007feadf0b3608:   00007feadf0b3650 0000000000000034
0x00007feadf0b3618:   00007fead80099f8 00007feadf0b3aa8
0x00007feadf0b3628:   0000000000000001 00007feadf0b3a90
0x00007feadf0b3638:   00007feadc12cec0 0000000000000009
0x00007feadf0b3648:   00007fead81b12f0 72616d68636e6562
0x00007feadf0b3658:   6174732f676e696b 2f73636974736974
0x00007feadf0b3668:   72616d68636e6542 74617453676e696b
0x00007feadf0b3678:   632e736369747369 000000007373616c
0x00007feadf0b3688:   00000000d913c350 000000076f498198
0x00007feadf0b3698:   ede897fc00000068 00000006c89e1a80
0x00007feadf0b36a8:   00007feade53430e 00007feaddff0594
0x00007feadf0b36b8:   00007feadf0b3ca0 00007feadf0b3e20
0x00007feadf0b36c8:   00007feaddff0592 00007feadf0b3e20
0x00007feadf0b36d8:   00007feade5056de 0000000000000000
0x00007feadf0b36e8:   00007feadf0b3830 000000076f44bf98
0x00007feadf0b36f8:   00000000bdff0f40 000000006f493290
0x00007feadf0b3708:   0000000000000000 0000000000000001
0x00007feadf0b3718:   0000000700000000 0000000700000000
0x00007feadf0b3728:   00000007ede92652 00000000d938853f
0x00007feadf0b3738:   00007fea00000000 00000000ede92720
0x00007feadf0b3748:   00007fea00000000 0000000300000000
0x00007feadf0b3758:   00007feadf0b3800 00007feadf0b4410
0x00007feadf0b3768:   00007feadf0b37f0 0000000000000000 

Instructions: (pc=0x00007feade616fe4)
0x00007feade616fc4:   48 01 d6 4c 8d 1d 42 81 03 00 49 63 14 93 49 8d
0x00007feade616fd4:   14 13 ff e2 0f 0b 66 0f 1f 44 00 00 0f 28 4e f4
0x00007feade616fe4:   0f 28 56 e4 66 0f 3a 0f ca 0c 0f 29 4f f0 0f 28
0x00007feade616ff4:   5e d4 66 0f 3a 0f d3 0c 0f 29 57 e0 0f 28 66 c4 

Register to memory mapping:

RAX=0x00007fead8f03af0 is an unknown value
RBX=0x000000000000632f is an unknown value
RCX=0x0000000000010000 is an unknown value
RDX=0x0000000000003120 is an unknown value
RSP=0x00007feadf0b3578 is pointing into the stack for thread: 0x00007fead8009800
RBP=0x00007feadf0b35d0 is pointing into the stack for thread: 0x00007fead8009800
RSI=0x00007feac4ae700c is an unknown value
RDI=0x00007fead8f06c90 is an unknown value
R8 =0x00007fead8f09e0f is an unknown value
R9 =0x00007feade616fe0: <offset 0x15efe0> in /lib/x86_64-linux-gnu/libc.so.6 at 0x00007feade4b8000
R10=0x00007fead8000078 is an unknown value
R11=0x00007feade64f390: <offset 0x197390> in /lib/x86_64-linux-gnu/libc.so.6 at 0x00007feade4b8000
R12=0x00007feac4ae3e3e is an unknown value
R13=0x00007fead8f86c30 is an unknown value
R14=0x0000000000006f6f is an unknown value
R15=0x00007fead81b12f0 is an unknown value


Stack: [0x00007feadefb6000,0x00007feadf0b7000],  sp=0x00007feadf0b3578,  free space=1013k
Native frames: (J=compiled Java code, j=interpreted, Vv=VM code, C=native code)
C  [libc.so.6+0x15efe4]
C  [libzip.so+0x1218f]  ZIP_GetEntry2+0xff
C  [libzip.so+0x3ec0]  Java_java_util_zip_ZipFile_getEntry+0xf0
J 340  java.util.zip.ZipFile.getEntry(J[BZ)J (0 bytes) @ 0x00007feac91b090e [0x00007feac91b0840+0xce]
J 417 C1 java.util.zip.ZipFile.getEntry(Ljava/lang/String;)Ljava/util/zip/ZipEntry; (86 bytes) @ 0x00007feac91d838c [0x00007feac91d8120+0x26c]
J 416 C1 java.util.jar.JarFile.getEntry(Ljava/lang/String;)Ljava/util/zip/ZipEntry; (22 bytes) @ 0x00007feac91d8c64 [0x00007feac91d8be0+0x84]
J 599 C2 sun.misc.URLClassPath$JarLoader.getResource(Ljava/lang/String;Z)Lsun/misc/Resource; (85 bytes) @ 0x00007feac93794c8 [0x00007feac93792a0+0x228]
J 148 C1 sun.misc.URLClassPath.getResource(Ljava/lang/String;Z)Lsun/misc/Resource; (83 bytes) @ 0x00007feac914f4ec [0x00007feac914f380+0x16c]
J 304 C1 java.net.URLClassLoader$1.run()Ljava/lang/Class; (63 bytes) @ 0x00007feac91a3aec [0x00007feac91a38e0+0x20c]
J 303 C1 java.net.URLClassLoader$1.run()Ljava/lang/Object; (5 bytes) @ 0x00007feac91a354c [0x00007feac91a34c0+0x8c]
v  ~StubRoutines::call_stub
V  [libjvm.so+0x68f6b6]  JavaCalls::call_helper(JavaValue*, methodHandle*, JavaCallArguments*, Thread*)+0x1056
V  [libjvm.so+0x72851c]  JVM_DoPrivileged+0x27c
J 302  java.security.AccessController.doPrivileged(Ljava/security/PrivilegedExceptionAction;Ljava/security/AccessControlContext;)Ljava/lang/Object; (0 bytes) @ 0x00007feac91a0a95 [0x00007feac91a09c0+0xd5]
J 149 C1 java.net.URLClassLoader.findClass(Ljava/lang/String;)Ljava/lang/Class; (47 bytes) @ 0x00007feac914fc14 [0x00007feac914fa80+0x194]
J 114 C1 java.lang.ClassLoader.loadClass(Ljava/lang/String;Z)Ljava/lang/Class; (122 bytes) @ 0x00007feac9141e24 [0x00007feac91414c0+0x964]
J 165 C1 sun.misc.Launcher$AppClassLoader.loadClass(Ljava/lang/String;Z)Ljava/lang/Class; (85 bytes) @ 0x00007feac9159864 [0x00007feac9158ec0+0x9a4]
J 164 C1 java.lang.ClassLoader.loadClass(Ljava/lang/String;)Ljava/lang/Class; (7 bytes) @ 0x00007feac9152d04 [0x00007feac9152c00+0x104]
v  ~StubRoutines::call_stub
V  [libjvm.so+0x68f6b6]  JavaCalls::call_helper(JavaValue*, methodHandle*, JavaCallArguments*, Thread*)+0x1056
V  [libjvm.so+0x68fbc1]  JavaCalls::call_virtual(JavaValue*, KlassHandle, Symbol*, Symbol*, JavaCallArguments*, Thread*)+0x321
V  [libjvm.so+0x690016]  JavaCalls::call_virtual(JavaValue*, Handle, KlassHandle, Symbol*, Symbol*, Handle, Thread*)+0x56
V  [libjvm.so+0xa3a560]  SystemDictionary::load_instance_class(Symbol*, Handle, Thread*)+0x3f0
V  [libjvm.so+0xa394ac]  SystemDictionary::resolve_instance_class_or_null(Symbol*, Handle, Handle, Thread*)+0x7cc
V  [libjvm.so+0xa3a983]  SystemDictionary::resolve_or_fail(Symbol*, Handle, Handle, bool, Thread*)+0x33
V  [libjvm.so+0x4f2ed8]  ConstantPool::klass_at_impl(constantPoolHandle, int, Thread*)+0x158
V  [libjvm.so+0x683c31]  InterpreterRuntime::_new(JavaThread*, ConstantPool*, int)+0x71
j  main.benchmarking.BenchmarkingLauncherScriptMainTest.main([Ljava/lang/String;)V+104
v  ~StubRoutines::call_stub
V  [libjvm.so+0x68f6b6]  JavaCalls::call_helper(JavaValue*, methodHandle*, JavaCallArguments*, Thread*)+0x1056
V  [libjvm.so+0x6d0d42]  jni_invoke_static(JNIEnv_*, JavaValue*, _jobject*, JNICallType, _jmethodID*, JNI_ArgumentPusher*, Thread*)+0x362
V  [libjvm.so+0x6ed5aa]  jni_CallStaticVoidMethod+0x17a
C  [libjli.so+0x7bdf]  JavaMain+0x81f
C  [libpthread.so.0+0x76aa]  start_thread+0xca

Java frames: (J=compiled Java code, j=interpreted, Vv=VM code)
J 340  java.util.zip.ZipFile.getEntry(J[BZ)J (0 bytes) @ 0x00007feac91b0898 [0x00007feac91b0840+0x58]
J 417 C1 java.util.zip.ZipFile.getEntry(Ljava/lang/String;)Ljava/util/zip/ZipEntry; (86 bytes) @ 0x00007feac91d838c [0x00007feac91d8120+0x26c]
J 416 C1 java.util.jar.JarFile.getEntry(Ljava/lang/String;)Ljava/util/zip/ZipEntry; (22 bytes) @ 0x00007feac91d8c64 [0x00007feac91d8be0+0x84]
J 599 C2 sun.misc.URLClassPath$JarLoader.getResource(Ljava/lang/String;Z)Lsun/misc/Resource; (85 bytes) @ 0x00007feac93794c8 [0x00007feac93792a0+0x228]
J 148 C1 sun.misc.URLClassPath.getResource(Ljava/lang/String;Z)Lsun/misc/Resource; (83 bytes) @ 0x00007feac914f4ec [0x00007feac914f380+0x16c]
J 304 C1 java.net.URLClassLoader$1.run()Ljava/lang/Class; (63 bytes) @ 0x00007feac91a3aec [0x00007feac91a38e0+0x20c]
J 303 C1 java.net.URLClassLoader$1.run()Ljava/lang/Object; (5 bytes) @ 0x00007feac91a354c [0x00007feac91a34c0+0x8c]
v  ~StubRoutines::call_stub
J 302  java.security.AccessController.doPrivileged(Ljava/security/PrivilegedExceptionAction;Ljava/security/AccessControlContext;)Ljava/lang/Object; (0 bytes) @ 0x00007feac91a0a23 [0x00007feac91a09c0+0x63]
J 149 C1 java.net.URLClassLoader.findClass(Ljava/lang/String;)Ljava/lang/Class; (47 bytes) @ 0x00007feac914fc14 [0x00007feac914fa80+0x194]
J 114 C1 java.lang.ClassLoader.loadClass(Ljava/lang/String;Z)Ljava/lang/Class; (122 bytes) @ 0x00007feac9141e24 [0x00007feac91414c0+0x964]
J 165 C1 sun.misc.Launcher$AppClassLoader.loadClass(Ljava/lang/String;Z)Ljava/lang/Class; (85 bytes) @ 0x00007feac9159864 [0x00007feac9158ec0+0x9a4]
J 164 C1 java.lang.ClassLoader.loadClass(Ljava/lang/String;)Ljava/lang/Class; (7 bytes) @ 0x00007feac9152d04 [0x00007feac9152c00+0x104]
v  ~StubRoutines::call_stub
j  main.benchmarking.BenchmarkingLauncherScriptMainTest.main([Ljava/lang/String;)V+104
v  ~StubRoutines::call_stub

---------------  P R O C E S S  ---------------

Java Threads: ( => current thread )
  0x00007fea40029800 JavaThread "pool-1-thread-11" [_thread_blocked, id=6116, stack(0x00007feabd420000,0x00007feabd521000)]
  0x00007fea40005800 JavaThread "pool-1-thread-10" [_thread_blocked, id=6115, stack(0x00007feabd521000,0x00007feabd622000)]
  0x00007fead8f7c000 JavaThread "pool-1-thread-4" [_thread_blocked, id=6091, stack(0x00007feabdb27000,0x00007feabdc28000)]
  0x00007fea40001000 JavaThread "ForkJoinPool.commonPool-worker-3" daemon [_thread_blocked, id=6080, stack(0x00007feabe12b000,0x00007feabe22c000)]
  0x00007fead8f73800 JavaThread "ForkJoinPool.commonPool-worker-2" daemon [_thread_blocked, id=6079, stack(0x00007feabe22c000,0x00007feabe32d000)]
  0x00007fead8f6c000 JavaThread "ForkJoinPool.commonPool-worker-1" daemon [_thread_blocked, id=6078, stack(0x00007feabe32d000,0x00007feabe42e000)]
  0x00007fead8f4b800 JavaThread "RMI RenewClean-[ec1:15000]" daemon [_thread_blocked, id=6077, stack(0x00007feabe42e000,0x00007feabe52f000)]
  0x00007fead8f49800 JavaThread "RMI RenewClean-[ec1:20000]" daemon [_thread_blocked, id=6076, stack(0x00007feabe52f000,0x00007feabe630000)]
  0x00007fead8f47800 JavaThread "RMI RenewClean-[nc2:20000]" daemon [_thread_blocked, id=6075, stack(0x00007feabe630000,0x00007feabe731000)]
  0x00007fead8f46000 JavaThread "RMI RenewClean-[sc3:20000]" daemon [_thread_blocked, id=6074, stack(0x00007feabe731000,0x00007feabe832000)]
  0x00007fead8f44800 JavaThread "RMI RenewClean-[sc1:10000]" daemon [_thread_blocked, id=6073, stack(0x00007feabe832000,0x00007feabe933000)]
  0x00007fead8f43800 JavaThread "RMI RenewClean-[nc1:10000]" daemon [_thread_blocked, id=6072, stack(0x00007feabe933000,0x00007feabea34000)]
  0x00007fead8f42000 JavaThread "RMI RenewClean-[ec1:10000]" daemon [_thread_blocked, id=6071, stack(0x00007feabea34000,0x00007feabeb35000)]
  0x00007fead8f40800 JavaThread "RMI RenewClean-[sc2:10000]" daemon [_thread_blocked, id=6057, stack(0x00007feabeb35000,0x00007feabec36000)]
  0x00007fead8f40000 JavaThread "RMI RenewClean-[ec2:10000]" daemon [_thread_blocked, id=6056, stack(0x00007feabec36000,0x00007feabed37000)]
  0x00007fead8498000 JavaThread "RMI RenewClean-[nc2:10000]" daemon [_thread_blocked, id=6055, stack(0x00007feabed37000,0x00007feabee38000)]
  0x00007fead8497000 JavaThread "RMI RenewClean-[nc3:10000]" daemon [_thread_blocked, id=6054, stack(0x00007feabee38000,0x00007feabef39000)]
  0x00007fead8c0e800 JavaThread "RMI RenewClean-[ec3:10000]" daemon [_thread_blocked, id=6053, stack(0x00007feabef39000,0x00007feabf03a000)]
  0x00007fead8f3c800 JavaThread "GC Daemon" daemon [_thread_blocked, id=6052, stack(0x00007feabf03a000,0x00007feabf13b000)]
  0x00007fead8f3a800 JavaThread "RMI RenewClean-[sc3:10000]" daemon [_thread_blocked, id=6051, stack(0x00007feabf3da000,0x00007feabf4db000)]
  0x00007fead8f36800 JavaThread "RMI Scheduler(0)" daemon [_thread_blocked, id=6050, stack(0x00007feabf4db000,0x00007feabf5dc000)]
  0x00007fead8efa000 JavaThread "RMI TCP Accept-1099" daemon [_thread_in_native, id=6049, stack(0x00007feac40cf000,0x00007feac41d0000)]
  0x00007fead8191000 JavaThread "Service Thread" daemon [_thread_blocked, id=6047, stack(0x00007feac4be7000,0x00007feac4ce8000)]
  0x00007fead8185800 JavaThread "C1 CompilerThread2" daemon [_thread_blocked, id=6046, stack(0x00007feac4ce8000,0x00007feac4de9000)]
  0x00007fead8184000 JavaThread "C2 CompilerThread1" daemon [_thread_blocked, id=6045, stack(0x00007feac4de9000,0x00007feac4eea000)]
  0x00007fead8181000 JavaThread "C2 CompilerThread0" daemon [_thread_blocked, id=6044, stack(0x00007feac4eea000,0x00007feac4feb000)]
  0x00007fead817f800 JavaThread "Signal Dispatcher" daemon [_thread_blocked, id=6043, stack(0x00007feac4feb000,0x00007feac50ec000)]
  0x00007fead814b800 JavaThread "Finalizer" daemon [_thread_blocked, id=6042, stack(0x00007feac57ce000,0x00007feac58cf000)]
  0x00007fead8146800 JavaThread "Reference Handler" daemon [_thread_blocked, id=6041, stack(0x00007feac58cf000,0x00007feac59d0000)]
=>0x00007fead8009800 JavaThread "main" [_thread_in_native, id=6035, stack(0x00007feadefb6000,0x00007feadf0b7000)]

Other Threads:
  0x00007fead813f000 VMThread [stack: 0x00007feac59d0000,0x00007feac5ad1000] [id=6040]
  0x00007fead8194000 WatcherThread [stack: 0x00007feac4ae6000,0x00007feac4be7000] [id=6048]

VM state:not at safepoint (normal execution)

VM Mutex/Monitor currently owned by a thread: None

Heap:
 PSYoungGen      total 37376K, used 20074K [0x000000076d100000, 0x0000000770180000, 0x00000007c0000000)
  eden space 36352K, 53% used [0x000000076d100000,0x000000076e3dabc0,0x000000076f480000)
  from space 1024K, 75% used [0x000000076f500000,0x000000076f5c0000,0x000000076f600000)
  to   space 6656K, 0% used [0x000000076fb00000,0x000000076fb00000,0x0000000770180000)
 ParOldGen       total 171008K, used 46498K [0x00000006c7200000, 0x00000006d1900000, 0x000000076d100000)
  object space 171008K, 27% used [0x00000006c7200000,0x00000006c9f68b38,0x00000006d1900000)
 Metaspace       used 19332K, capacity 20119K, committed 20352K, reserved 1067008K
  class space    used 2207K, capacity 2398K, committed 2432K, reserved 1048576K

Card table byte_map: [0x00007feac8478000,0x00007feac8c40000] byte_map_base: 0x00007feac4e3f000

Marking Bits: (ParMarkBitMap*) 0x00007feade48b120
 Begin Bits: [0x00007feaa0390000, 0x00007feaa41c8000)
 End Bits:   [0x00007feaa41c8000, 0x00007feaa8000000)

Polling page: 0x00007feadf0da000

CodeCache: size=245760Kb used=10553Kb max_used=11038Kb free=235206Kb
 bounds [0x00007feac9000000, 0x00007feac9b20000, 0x00007fead8000000]
 total_blobs=3541 nmethods=2903 adapters=551
 compilation: enabled

Compilation events (10 events):
Event: 1342.954 Thread 0x00007fead8181000 nmethod 3552 0x00007feac9137010 code [0x00007feac9137160, 0x00007feac9137288]
Event: 1345.472 Thread 0x00007fead8184000 3553       4       java.util.concurrent.SynchronousQueue$TransferStack::transfer (380 bytes)
Event: 1345.499 Thread 0x00007fead8184000 nmethod 3553 0x00007feac9942350 code [0x00007feac9942560, 0x00007feac9943370]
Event: 1353.336 Thread 0x00007fead8181000 3554       4       java.util.concurrent.ScheduledThreadPoolExecutor$ScheduledFutureTask::run (59 bytes)
Event: 1353.342 Thread 0x00007fead8181000 nmethod 3554 0x00007feac96cf250 code [0x00007feac96cf3e0, 0x00007feac96cf6a8]
Event: 1354.511 Thread 0x00007fead8184000 3555       4       sun.rmi.transport.DGCClient$EndpointEntry::processPhantomRefs (180 bytes)
Event: 1354.529 Thread 0x00007fead8184000 nmethod 3555 0x00007feac9768ad0 code [0x00007feac9768cc0, 0x00007feac9769688]
Event: 1455.081 Thread 0x00007fead8181000 3556   !   4       java.util.concurrent.ThreadPoolExecutor::getTask (179 bytes)
Event: 1455.130 Thread 0x00007fead8181000 nmethod 3556 0x00007feac9a82750 code [0x00007feac9a82a80, 0x00007feac9a84270]
Event: 1483.421 Thread 0x00007fead8185800 3557   !   3       java.lang.StringCoding::encode (120 bytes)

GC Heap History (10 events):
Event: 1087.719 GC heap before
{Heap before GC invocations=34 (full 1):
 PSYoungGen      total 46592K, used 39680K [0x000000076d100000, 0x0000000770800000, 0x00000007c0000000)
  eden space 38912K, 100% used [0x000000076d100000,0x000000076f700000,0x000000076f700000)
  from space 7680K, 10% used [0x0000000770080000,0x0000000770140000,0x0000000770800000)
  to   space 8704K, 0% used [0x000000076f700000,0x000000076f700000,0x000000076ff80000)
 ParOldGen       total 171008K, used 44842K [0x00000006c7200000, 0x00000006d1900000, 0x000000076d100000)
  object space 171008K, 26% used [0x00000006c7200000,0x00000006c9dcab18,0x00000006d1900000)
 Metaspace       used 19322K, capacity 20119K, committed 20352K, reserved 1067008K
  class space    used 2207K, capacity 2398K, committed 2432K, reserved 1048576K
Event: 1087.724 GC heap after
Heap after GC invocations=34 (full 1):
 PSYoungGen      total 39424K, used 768K [0x000000076d100000, 0x0000000770680000, 0x00000007c0000000)
  eden space 38400K, 0% used [0x000000076d100000,0x000000076d100000,0x000000076f680000)
  from space 1024K, 75% used [0x000000076f700000,0x000000076f7c0000,0x000000076f800000)
  to   space 8192K, 0% used [0x000000076fe80000,0x000000076fe80000,0x0000000770680000)
 ParOldGen       total 171008K, used 45186K [0x00000006c7200000, 0x00000006d1900000, 0x000000076d100000)
  object space 171008K, 26% used [0x00000006c7200000,0x00000006c9e20b18,0x00000006d1900000)
 Metaspace       used 19322K, capacity 20119K, committed 20352K, reserved 1067008K
  class space    used 2207K, capacity 2398K, committed 2432K, reserved 1048576K
}
Event: 1178.692 GC heap before
{Heap before GC invocations=35 (full 1):
 PSYoungGen      total 39424K, used 39168K [0x000000076d100000, 0x0000000770680000, 0x00000007c0000000)
  eden space 38400K, 100% used [0x000000076d100000,0x000000076f680000,0x000000076f680000)
  from space 1024K, 75% used [0x000000076f700000,0x000000076f7c0000,0x000000076f800000)
  to   space 8192K, 0% used [0x000000076fe80000,0x000000076fe80000,0x0000000770680000)
 ParOldGen       total 171008K, used 45186K [0x00000006c7200000, 0x00000006d1900000, 0x000000076d100000)
  object space 171008K, 26% used [0x00000006c7200000,0x00000006c9e20b18,0x00000006d1900000)
 Metaspace       used 19322K, capacity 20119K, committed 20352K, reserved 1067008K
  class space    used 2207K, capacity 2398K, committed 2432K, reserved 1048576K
Event: 1178.696 GC heap after
Heap after GC invocations=35 (full 1):
 PSYoungGen      total 44544K, used 800K [0x000000076d100000, 0x0000000770500000, 0x00000007c0000000)
  eden space 37888K, 0% used [0x000000076d100000,0x000000076d100000,0x000000076f600000)
  from space 6656K, 12% used [0x000000076fe80000,0x000000076ff48000,0x0000000770500000)
  to   space 7680K, 0% used [0x000000076f600000,0x000000076f600000,0x000000076fd80000)
 ParOldGen       total 171008K, used 45522K [0x00000006c7200000, 0x00000006d1900000, 0x000000076d100000)
  object space 171008K, 26% used [0x00000006c7200000,0x00000006c9e74b18,0x00000006d1900000)
 Metaspace       used 19322K, capacity 20119K, committed 20352K, reserved 1067008K
  class space    used 2207K, capacity 2398K, committed 2432K, reserved 1048576K
}
Event: 1265.381 GC heap before
{Heap before GC invocations=36 (full 1):
 PSYoungGen      total 44544K, used 38688K [0x000000076d100000, 0x0000000770500000, 0x00000007c0000000)
  eden space 37888K, 100% used [0x000000076d100000,0x000000076f600000,0x000000076f600000)
  from space 6656K, 12% used [0x000000076fe80000,0x000000076ff48000,0x0000000770500000)
  to   space 7680K, 0% used [0x000000076f600000,0x000000076f600000,0x000000076fd80000)
 ParOldGen       total 171008K, used 45522K [0x00000006c7200000, 0x00000006d1900000, 0x000000076d100000)
  object space 171008K, 26% used [0x00000006c7200000,0x00000006c9e74b18,0x00000006d1900000)
 Metaspace       used 19322K, capacity 20119K, committed 20352K, reserved 1067008K
  class space    used 2207K, capacity 2398K, committed 2432K, reserved 1048576K
Event: 1265.386 GC heap after
Heap after GC invocations=36 (full 1):
 PSYoungGen      total 38400K, used 768K [0x000000076d100000, 0x0000000770380000, 0x00000007c0000000)
  eden space 37376K, 0% used [0x000000076d100000,0x000000076d100000,0x000000076f580000)
  from space 1024K, 75% used [0x000000076f600000,0x000000076f6c0000,0x000000076f700000)
  to   space 7168K, 0% used [0x000000076fc80000,0x000000076fc80000,0x0000000770380000)
 ParOldGen       total 171008K, used 45842K [0x00000006c7200000, 0x00000006d1900000, 0x000000076d100000)
  object space 171008K, 26% used [0x00000006c7200000,0x00000006c9ec4b18,0x00000006d1900000)
 Metaspace       used 19322K, capacity 20119K, committed 20352K, reserved 1067008K
  class space    used 2207K, capacity 2398K, committed 2432K, reserved 1048576K
}
Event: 1354.506 GC heap before
{Heap before GC invocations=37 (full 1):
 PSYoungGen      total 38400K, used 38144K [0x000000076d100000, 0x0000000770380000, 0x00000007c0000000)
  eden space 37376K, 100% used [0x000000076d100000,0x000000076f580000,0x000000076f580000)
  from space 1024K, 75% used [0x000000076f600000,0x000000076f6c0000,0x000000076f700000)
  to   space 7168K, 0% used [0x000000076fc80000,0x000000076fc80000,0x0000000770380000)
 ParOldGen       total 171008K, used 45842K [0x00000006c7200000, 0x00000006d1900000, 0x000000076d100000)
  object space 171008K, 26% used [0x00000006c7200000,0x00000006c9ec4b18,0x00000006d1900000)
 Metaspace       used 19322K, capacity 20119K, committed 20352K, reserved 1067008K
  class space    used 2207K, capacity 2398K, committed 2432K, reserved 1048576K
Event: 1354.510 GC heap after
Heap after GC invocations=37 (full 1):
 PSYoungGen      total 42496K, used 736K [0x000000076d100000, 0x0000000770200000, 0x00000007c0000000)
  eden space 36864K, 0% used [0x000000076d100000,0x000000076d100000,0x000000076f500000)
  from space 5632K, 13% used [0x000000076fc80000,0x000000076fd38000,0x0000000770200000)
  to   space 6656K, 0% used [0x000000076f500000,0x000000076f500000,0x000000076fb80000)
 ParOldGen       total 171008K, used 46178K [0x00000006c7200000, 0x00000006d1900000, 0x000000076d100000)
  object space 171008K, 27% used [0x00000006c7200000,0x00000006c9f18b38,0x00000006d1900000)
 Metaspace       used 19322K, capacity 20119K, committed 20352K, reserved 1067008K
  class space    used 2207K, capacity 2398K, committed 2432K, reserved 1048576K
}
Event: 1439.748 GC heap before
{Heap before GC invocations=38 (full 1):
 PSYoungGen      total 42496K, used 37600K [0x000000076d100000, 0x0000000770200000, 0x00000007c0000000)
  eden space 36864K, 100% used [0x000000076d100000,0x000000076f500000,0x000000076f500000)
  from space 5632K, 13% used [0x000000076fc80000,0x000000076fd38000,0x0000000770200000)
  to   space 6656K, 0% used [0x000000076f500000,0x000000076f500000,0x000000076fb80000)
 ParOldGen       total 171008K, used 46178K [0x00000006c7200000, 0x00000006d1900000, 0x000000076d100000)
  object space 171008K, 27% used [0x00000006c7200000,0x00000006c9f18b38,0x00000006d1900000)
 Metaspace       used 19322K, capacity 20119K, committed 20352K, reserved 1067008K
  class space    used 2207K, capacity 2398K, committed 2432K, reserved 1048576K
Event: 1439.752 GC heap after
Heap after GC invocations=38 (full 1):
 PSYoungGen      total 37376K, used 768K [0x000000076d100000, 0x0000000770180000, 0x00000007c0000000)
  eden space 36352K, 0% used [0x000000076d100000,0x000000076d100000,0x000000076f480000)
  from space 1024K, 75% used [0x000000076f500000,0x000000076f5c0000,0x000000076f600000)
  to   space 6656K, 0% used [0x000000076fb00000,0x000000076fb00000,0x0000000770180000)
 ParOldGen       total 171008K, used 46498K [0x00000006c7200000, 0x00000006d1900000, 0x000000076d100000)
  object space 171008K, 27% used [0x00000006c7200000,0x00000006c9f68b38,0x00000006d1900000)
 Metaspace       used 19322K, capacity 20119K, committed 20352K, reserved 1067008K
  class space    used 2207K, capacity 2398K, committed 2432K, reserved 1048576K
}

Deoptimization events (10 events):
Event: 930.381 Thread 0x00007fea40001000 Uncommon trap: reason=array_check action=maybe_recompile pc=0x00007feac98a6528 method=java.util.AbstractCollection.toArray([Ljava/lang/Object;)[Ljava/lang/Object; @ 119
Event: 931.029 Thread 0x00007fea40001000 Uncommon trap: reason=array_check action=maybe_recompile pc=0x00007feac98a6528 method=java.util.AbstractCollection.toArray([Ljava/lang/Object;)[Ljava/lang/Object; @ 119
Event: 931.919 Thread 0x00007fea40001000 Uncommon trap: reason=array_check action=maybe_recompile pc=0x00007feac98a6528 method=java.util.AbstractCollection.toArray([Ljava/lang/Object;)[Ljava/lang/Object; @ 119
Event: 932.872 Thread 0x00007fea40001000 Uncommon trap: reason=array_check action=maybe_recompile pc=0x00007feac98a6528 method=java.util.AbstractCollection.toArray([Ljava/lang/Object;)[Ljava/lang/Object; @ 119
Event: 1483.420 Thread 0x00007fead8009800 Uncommon trap: reason=unstable_if action=reinterpret pc=0x00007feac91c12a8 method=ch.qos.logback.classic.Logger.filterAndLog_0_Or3Plus(Ljava/lang/String;Lorg/slf4j/Marker;Lch/qos/logback/classic/Level;Ljava/lang/String;[Ljava/lang/Object;Ljava/lang/Throwa
Event: 1483.420 Thread 0x00007fead8009800 Uncommon trap: reason=unstable_if action=reinterpret pc=0x00007feac91786e8 method=java.io.BufferedOutputStream.write([BII)V @ 6
Event: 1483.420 Thread 0x00007fead8009800 Uncommon trap: reason=class_check action=maybe_recompile pc=0x00007feac99826f8 method=java.io.BufferedOutputStream.flush()V @ 8
Event: 1483.421 Thread 0x00007fead8009800 Uncommon trap: reason=class_check action=maybe_recompile pc=0x00007feac99826f8 method=java.io.BufferedOutputStream.flush()V @ 8
Event: 1483.421 Thread 0x00007fead8009800 Uncommon trap: reason=class_check action=maybe_recompile pc=0x00007feac99827c0 method=java.io.BufferedOutputStream.flushBuffer()V @ 20
Event: 1483.421 Thread 0x00007fead8009800 Uncommon trap: reason=class_check action=maybe_recompile pc=0x00007feac99827c0 method=java.io.BufferedOutputStream.flushBuffer()V @ 20

Internal exceptions (10 events):
Event: 4.599 Thread 0x00007fead8009800 Exception <a 'java/lang/NoSuchMethodError': <clinit>> (0x00000007705b40f0) thrown at [/HUDSON3/workspace/8-2-build-linux-amd64/jdk8u101/7261/hotspot/src/share/vm/prims/jni.cpp, line 1613]
Event: 756.238 Thread 0x00007fea40024000 Implicit null exception at 0x00007feac982316c to 0x00007feac98232ef
Event: 756.238 Thread 0x00007fead8f8c000 Implicit null exception at 0x00007feac982316c to 0x00007feac98232ef
Event: 756.238 Thread 0x00007fead8f8a000 Implicit null exception at 0x00007feac982316c to 0x00007feac98232ef
Event: 759.875 Thread 0x00007fea40022000 Implicit null exception at 0x00007feac982316c to 0x00007feac98232ef
Event: 759.875 Thread 0x00007fea40025800 Implicit null exception at 0x00007feac982316c to 0x00007feac98232ef
Event: 759.875 Thread 0x00007fead8b5f000 Implicit null exception at 0x00007feac982316c to 0x00007feac98232ef
Event: 764.428 Thread 0x0000000001262000 Implicit null exception at 0x00007feac982316c to 0x00007feac98232ef
Event: 764.428 Thread 0x00007fead8f89000 Implicit null exception at 0x00007feac982316c to 0x00007feac98232ef
Event: 764.428 Thread 0x00007fead8b61000 Implicit null exception at 0x00007feac982316c to 0x00007feac98232ef

Events (10 events):
Event: 1483.421 Thread 0x00007fead8009800 DEOPT PACKING pc=0x00007feac99826f8 sp=0x00007feadf0b52b0
Event: 1483.421 Thread 0x00007fead8009800 DEOPT UNPACKING pc=0x00007feac9005229 sp=0x00007feadf0b52a8 mode 2
Event: 1483.421 Thread 0x00007fead8009800 Uncommon trap: trap_request=0xffffffde fr.pc=0x00007feac99827c0
Event: 1483.421 Thread 0x00007fead8009800 DEOPT PACKING pc=0x00007feac99827c0 sp=0x00007feadf0b52c0
Event: 1483.421 Thread 0x00007fead8009800 DEOPT UNPACKING pc=0x00007feac9005229 sp=0x00007feadf0b5248 mode 2
Event: 1483.421 Thread 0x00007fead8009800 Uncommon trap: trap_request=0xffffffde fr.pc=0x00007feac99827c0
Event: 1483.421 Thread 0x00007fead8009800 DEOPT PACKING pc=0x00007feac99827c0 sp=0x00007feadf0b5240
Event: 1483.421 Thread 0x00007fead8009800 DEOPT UNPACKING pc=0x00007feac9005229 sp=0x00007feadf0b51c8 mode 2
Event: 1483.421 loading class benchmarking/statistics/BenchmarkingStatistics
Event: 1483.421 loading class benchmarking/statistics/BenchmarkingStatistics done


Dynamic libraries:
00400000-00401000 r-xp 00000000 08:01 5148983                            /usr/lib/jvm/java-8-oracle/jre/bin/java
00600000-00601000 rw-p 00000000 08:01 5148983                            /usr/lib/jvm/java-8-oracle/jre/bin/java
01259000-0127a000 rw-p 00000000 00:00 0                                  [heap]
6c7200000-6d1900000 rw-p 00000000 00:00 0 
6d1900000-76d100000 ---p 00000000 00:00 0 
76d100000-770180000 rw-p 00000000 00:00 0 
770180000-7c0000000 ---p 00000000 00:00 0 
7c0000000-7c0260000 rw-p 00000000 00:00 0 
7c0260000-800000000 ---p 00000000 00:00 0 
7fea3c000000-7fea3c021000 rw-p 00000000 00:00 0 
7fea3c021000-7fea40000000 ---p 00000000 00:00 0 
7fea40000000-7fea402b7000 rw-p 00000000 00:00 0 
7fea402b7000-7fea44000000 ---p 00000000 00:00 0 
7fea44000000-7fea44021000 rw-p 00000000 00:00 0 
7fea44021000-7fea48000000 ---p 00000000 00:00 0 
7fea48000000-7fea48021000 rw-p 00000000 00:00 0 
7fea48021000-7fea4c000000 ---p 00000000 00:00 0 
7fea4c000000-7fea4c021000 rw-p 00000000 00:00 0 
7fea4c021000-7fea50000000 ---p 00000000 00:00 0 
7fea50000000-7fea50021000 rw-p 00000000 00:00 0 
7fea50021000-7fea54000000 ---p 00000000 00:00 0 
7fea54000000-7fea54021000 rw-p 00000000 00:00 0 
7fea54021000-7fea58000000 ---p 00000000 00:00 0 
7fea58000000-7fea58021000 rw-p 00000000 00:00 0 
7fea58021000-7fea5c000000 ---p 00000000 00:00 0 
7fea5c000000-7fea5c021000 rw-p 00000000 00:00 0 
7fea5c021000-7fea60000000 ---p 00000000 00:00 0 
7fea60000000-7fea60021000 rw-p 00000000 00:00 0 
7fea60021000-7fea64000000 ---p 00000000 00:00 0 
7fea64000000-7fea64021000 rw-p 00000000 00:00 0 
7fea64021000-7fea68000000 ---p 00000000 00:00 0 
7fea68000000-7fea68021000 rw-p 00000000 00:00 0 
7fea68021000-7fea6c000000 ---p 00000000 00:00 0 
7fea6c000000-7fea6c021000 rw-p 00000000 00:00 0 
7fea6c021000-7fea70000000 ---p 00000000 00:00 0 
7fea70000000-7fea70021000 rw-p 00000000 00:00 0 
7fea70021000-7fea74000000 ---p 00000000 00:00 0 
7fea74000000-7fea74021000 rw-p 00000000 00:00 0 
7fea74021000-7fea78000000 ---p 00000000 00:00 0 
7fea78000000-7fea78021000 rw-p 00000000 00:00 0 
7fea78021000-7fea7c000000 ---p 00000000 00:00 0 
7fea7c000000-7fea7c021000 rw-p 00000000 00:00 0 
7fea7c021000-7fea80000000 ---p 00000000 00:00 0 
7fea80000000-7fea80021000 rw-p 00000000 00:00 0 
7fea80021000-7fea84000000 ---p 00000000 00:00 0 
7fea84000000-7fea84872000 rw-p 00000000 00:00 0 
7fea84872000-7fea88000000 ---p 00000000 00:00 0 
7fea88000000-7fea88021000 rw-p 00000000 00:00 0 
7fea88021000-7fea8c000000 ---p 00000000 00:00 0 
7fea8c000000-7fea8dbb8000 rw-p 00000000 00:00 0 
7fea8dbb8000-7fea90000000 ---p 00000000 00:00 0 
7fea90000000-7fea91bb3000 rw-p 00000000 00:00 0 
7fea91bb3000-7fea94000000 ---p 00000000 00:00 0 
7fea94000000-7fea94021000 rw-p 00000000 00:00 0 
7fea94021000-7fea98000000 ---p 00000000 00:00 0 
7fea98000000-7fea98021000 rw-p 00000000 00:00 0 
7fea98021000-7fea9c000000 ---p 00000000 00:00 0 
7fea9c000000-7fea9c021000 rw-p 00000000 00:00 0 
7fea9c021000-7feaa0000000 ---p 00000000 00:00 0 
7feaa0390000-7feaa8000000 rw-p 00000000 00:00 0 
7feaa8000000-7feaa8021000 rw-p 00000000 00:00 0 
7feaa8021000-7feaac000000 ---p 00000000 00:00 0 
7feaac000000-7feaac072000 rw-p 00000000 00:00 0 
7feaac072000-7feab0000000 ---p 00000000 00:00 0 
7feab0000000-7feab0021000 rw-p 00000000 00:00 0 
7feab0021000-7feab4000000 ---p 00000000 00:00 0 
7feab8000000-7feab8021000 rw-p 00000000 00:00 0 
7feab8021000-7feabc000000 ---p 00000000 00:00 0 
7feabd31f000-7feabd322000 ---p 00000000 00:00 0 
7feabd322000-7feabd420000 rw-p 00000000 00:00 0 
7feabd420000-7feabd423000 ---p 00000000 00:00 0 
7feabd423000-7feabd521000 rw-p 00000000 00:00 0 
7feabd521000-7feabd524000 ---p 00000000 00:00 0 
7feabd524000-7feabd622000 rw-p 00000000 00:00 0 
7feabd622000-7feabd625000 ---p 00000000 00:00 0 
7feabd625000-7feabd723000 rw-p 00000000 00:00 0 
7feabd723000-7feabd726000 ---p 00000000 00:00 0 
7feabd726000-7feabd824000 rw-p 00000000 00:00 0 
7feabd824000-7feabd827000 ---p 00000000 00:00 0 
7feabd827000-7feabd925000 rw-p 00000000 00:00 0 
7feabd925000-7feabd928000 ---p 00000000 00:00 0 
7feabd928000-7feabda26000 rw-p 00000000 00:00 0 
7feabda26000-7feabda29000 ---p 00000000 00:00 0 
7feabda29000-7feabdb27000 rw-p 00000000 00:00 0 
7feabdb27000-7feabdb2a000 ---p 00000000 00:00 0 
7feabdb2a000-7feabdc28000 rw-p 00000000 00:00 0 
7feabdc28000-7feabdc2b000 ---p 00000000 00:00 0 
7feabdc2b000-7feabdd29000 rw-p 00000000 00:00 0 
7feabdd29000-7feabdd2c000 ---p 00000000 00:00 0 
7feabdd2c000-7feabde2a000 rw-p 00000000 00:00 0 
7feabde2a000-7feabde2d000 ---p 00000000 00:00 0 
7feabde2d000-7feabe0ab000 rw-p 00000000 00:00 0 
7feabe0ab000-7feabe12b000 ---p 00000000 00:00 0 
7feabe12b000-7feabe12e000 ---p 00000000 00:00 0 
7feabe12e000-7feabe22c000 rw-p 00000000 00:00 0 
7feabe22c000-7feabe22f000 ---p 00000000 00:00 0 
7feabe22f000-7feabe32d000 rw-p 00000000 00:00 0 
7feabe32d000-7feabe330000 ---p 00000000 00:00 0 
7feabe330000-7feabe42e000 rw-p 00000000 00:00 0 
7feabe42e000-7feabe431000 ---p 00000000 00:00 0 
7feabe431000-7feabe52f000 rw-p 00000000 00:00 0 
7feabe52f000-7feabe532000 ---p 00000000 00:00 0 
7feabe532000-7feabe630000 rw-p 00000000 00:00 0 
7feabe630000-7feabe633000 ---p 00000000 00:00 0 
7feabe633000-7feabe731000 rw-p 00000000 00:00 0 
7feabe731000-7feabe734000 ---p 00000000 00:00 0 
7feabe734000-7feabe832000 rw-p 00000000 00:00 0 
7feabe832000-7feabe835000 ---p 00000000 00:00 0 
7feabe835000-7feabe933000 rw-p 00000000 00:00 0 
7feabe933000-7feabe936000 ---p 00000000 00:00 0 
7feabe936000-7feabea34000 rw-p 00000000 00:00 0 
7feabea34000-7feabea37000 ---p 00000000 00:00 0 
7feabea37000-7feabeb35000 rw-p 00000000 00:00 0 
7feabeb35000-7feabeb38000 ---p 00000000 00:00 0 
7feabeb38000-7feabec36000 rw-p 00000000 00:00 0 
7feabec36000-7feabec39000 ---p 00000000 00:00 0 
7feabec39000-7feabed37000 rw-p 00000000 00:00 0 
7feabed37000-7feabed3a000 ---p 00000000 00:00 0 
7feabed3a000-7feabee38000 rw-p 00000000 00:00 0 
7feabee38000-7feabee3b000 ---p 00000000 00:00 0 
7feabee3b000-7feabef39000 rw-p 00000000 00:00 0 
7feabef39000-7feabef3c000 ---p 00000000 00:00 0 
7feabef3c000-7feabf03a000 rw-p 00000000 00:00 0 
7feabf03a000-7feabf03d000 ---p 00000000 00:00 0 
7feabf03d000-7feabf33b000 rw-p 00000000 00:00 0 
7feabf3da000-7feabf3dd000 ---p 00000000 00:00 0 
7feabf3dd000-7feabf4db000 rw-p 00000000 00:00 0 
7feabf4db000-7feabf4de000 ---p 00000000 00:00 0 
7feabf4de000-7feabf7dc000 rw-p 00000000 00:00 0 
7feabf7dc000-7feabf9dc000 rw-p 00000000 00:00 0 
7feabf9dc000-7feabf9f3000 r-xp 00000000 08:01 808179                     /lib/x86_64-linux-gnu/libresolv-2.21.so
7feabf9f3000-7feabfbf3000 ---p 00017000 08:01 808179                     /lib/x86_64-linux-gnu/libresolv-2.21.so
7feabfbf3000-7feabfbf4000 r--p 00017000 08:01 808179                     /lib/x86_64-linux-gnu/libresolv-2.21.so
7feabfbf4000-7feabfbf5000 rw-p 00018000 08:01 808179                     /lib/x86_64-linux-gnu/libresolv-2.21.so
7feabfbf5000-7feabfbf7000 rw-p 00000000 00:00 0 
7feabfbf7000-7feabfbfc000 r-xp 00000000 08:01 808178                     /lib/x86_64-linux-gnu/libnss_dns-2.21.so
7feabfbfc000-7feabfdfb000 ---p 00005000 08:01 808178                     /lib/x86_64-linux-gnu/libnss_dns-2.21.so
7feabfdfb000-7feabfdfc000 r--p 00004000 08:01 808178                     /lib/x86_64-linux-gnu/libnss_dns-2.21.so
7feabfdfc000-7feabfdfd000 rw-p 00005000 08:01 808178                     /lib/x86_64-linux-gnu/libnss_dns-2.21.so
7feabfdfd000-7feabfdff000 r-xp 00000000 08:01 791163                     /lib/x86_64-linux-gnu/libnss_mdns4_minimal.so.2
7feabfdff000-7feabfffe000 ---p 00002000 08:01 791163                     /lib/x86_64-linux-gnu/libnss_mdns4_minimal.so.2
7feabfffe000-7feabffff000 r--p 00001000 08:01 791163                     /lib/x86_64-linux-gnu/libnss_mdns4_minimal.so.2
7feabffff000-7feac0000000 rw-p 00002000 08:01 791163                     /lib/x86_64-linux-gnu/libnss_mdns4_minimal.so.2
7feac0000000-7feac0021000 rw-p 00000000 00:00 0 
7feac0021000-7feac4000000 ---p 00000000 00:00 0 
7feac40cf000-7feac40d2000 ---p 00000000 00:00 0 
7feac40d2000-7feac44d1000 rw-p 00000000 00:00 0 
7feac44d1000-7feac44e7000 r-xp 00000000 08:01 5148711                    /usr/lib/jvm/java-8-oracle/jre/lib/amd64/libnet.so
7feac44e7000-7feac46e7000 ---p 00016000 08:01 5148711                    /usr/lib/jvm/java-8-oracle/jre/lib/amd64/libnet.so
7feac46e7000-7feac46e8000 rw-p 00016000 08:01 5148711                    /usr/lib/jvm/java-8-oracle/jre/lib/amd64/libnet.so
7feac46e8000-7feac48e8000 rw-p 00000000 00:00 0 
7feac48e8000-7feac4ae6000 r--s 01a0e000 08:01 1212244                    /home/hengxin/idea-projects/chameleon-transactional-kvstore-maven/target/aliyun/batch.jar
7feac4ae6000-7feac4ae7000 ---p 00000000 00:00 0 
7feac4ae7000-7feac4be7000 rw-p 00000000 00:00 0 
7feac4be7000-7feac4bea000 ---p 00000000 00:00 0 
7feac4bea000-7feac4ce8000 rw-p 00000000 00:00 0 
7feac4ce8000-7feac4ceb000 ---p 00000000 00:00 0 
7feac4ceb000-7feac4de9000 rw-p 00000000 00:00 0 
7feac4de9000-7feac4dec000 ---p 00000000 00:00 0 
7feac4dec000-7feac4eea000 rw-p 00000000 00:00 0 
7feac4eea000-7feac4eed000 ---p 00000000 00:00 0 
7feac4eed000-7feac4feb000 rw-p 00000000 00:00 0 
7feac4feb000-7feac4fee000 ---p 00000000 00:00 0 
7feac4fee000-7feac50ec000 rw-p 00000000 00:00 0 
7feac50ec000-7feac57ce000 r--p 00000000 08:01 4595974                    /usr/lib/locale/locale-archive
7feac57ce000-7feac57d1000 ---p 00000000 00:00 0 
7feac57d1000-7feac58cf000 rw-p 00000000 00:00 0 
7feac58cf000-7feac58d2000 ---p 00000000 00:00 0 
7feac58d2000-7feac59d0000 rw-p 00000000 00:00 0 
7feac59d0000-7feac59d1000 ---p 00000000 00:00 0 
7feac59d1000-7feac6a2f000 rw-p 00000000 00:00 0 
7feac6a2f000-7feac6c08000 r--s 03d29000 08:01 5148703                    /usr/lib/jvm/java-8-oracle/jre/lib/rt.jar
7feac6c08000-7feac7c45000 rw-p 00000000 00:00 0 
7feac7c45000-7feac7c46000 ---p 00000000 00:00 0 
7feac7c46000-7feac7d46000 rw-p 00000000 00:00 0 
7feac7d46000-7feac7d47000 ---p 00000000 00:00 0 
7feac7d47000-7feac7e47000 rw-p 00000000 00:00 0 
7feac7e47000-7feac7e48000 ---p 00000000 00:00 0 
7feac7e48000-7feac7f9c000 rw-p 00000000 00:00 0 
7feac7f9c000-7feac8478000 ---p 00000000 00:00 0 
7feac8478000-7feac84cc000 rw-p 00000000 00:00 0 
7feac84cc000-7feac89a7000 ---p 00000000 00:00 0 
7feac89a7000-7feac89c0000 rw-p 00000000 00:00 0 
7feac89c0000-7feac8c3f000 ---p 00000000 00:00 0 
7feac8c3f000-7feac8c6d000 rw-p 00000000 00:00 0 
7feac8c6d000-7feac9000000 ---p 00000000 00:00 0 
7feac9000000-7feac9b20000 rwxp 00000000 00:00 0 
7feac9b20000-7fead8000000 ---p 00000000 00:00 0 
7fead8000000-7fead91d4000 rw-p 00000000 00:00 0 
7fead91d4000-7feadc000000 ---p 00000000 00:00 0 
7feadc028000-7feadc029000 ---p 00000000 00:00 0 
7feadc029000-7feadc129000 rw-p 00000000 00:00 0 
7feadc129000-7feadc143000 r-xp 00000000 08:01 5148732                    /usr/lib/jvm/java-8-oracle/jre/lib/amd64/libzip.so
7feadc143000-7feadc343000 ---p 0001a000 08:01 5148732                    /usr/lib/jvm/java-8-oracle/jre/lib/amd64/libzip.so
7feadc343000-7feadc344000 rw-p 0001a000 08:01 5148732                    /usr/lib/jvm/java-8-oracle/jre/lib/amd64/libzip.so
7feadc344000-7feadc34e000 r-xp 00000000 08:01 792103                     /lib/x86_64-linux-gnu/libnss_files-2.21.so
7feadc34e000-7feadc54e000 ---p 0000a000 08:01 792103                     /lib/x86_64-linux-gnu/libnss_files-2.21.so
7feadc54e000-7feadc54f000 r--p 0000a000 08:01 792103                     /lib/x86_64-linux-gnu/libnss_files-2.21.so
7feadc54f000-7feadc550000 rw-p 0000b000 08:01 792103                     /lib/x86_64-linux-gnu/libnss_files-2.21.so
7feadc550000-7feadc55b000 r-xp 00000000 08:01 808181                     /lib/x86_64-linux-gnu/libnss_nis-2.21.so
7feadc55b000-7feadc75a000 ---p 0000b000 08:01 808181                     /lib/x86_64-linux-gnu/libnss_nis-2.21.so
7feadc75a000-7feadc75b000 r--p 0000a000 08:01 808181                     /lib/x86_64-linux-gnu/libnss_nis-2.21.so
7feadc75b000-7feadc75c000 rw-p 0000b000 08:01 808181                     /lib/x86_64-linux-gnu/libnss_nis-2.21.so
7feadc75c000-7feadc773000 r-xp 00000000 08:01 808184                     /lib/x86_64-linux-gnu/libnsl-2.21.so
7feadc773000-7feadc972000 ---p 00017000 08:01 808184                     /lib/x86_64-linux-gnu/libnsl-2.21.so
7feadc972000-7feadc973000 r--p 00016000 08:01 808184                     /lib/x86_64-linux-gnu/libnsl-2.21.so
7feadc973000-7feadc974000 rw-p 00017000 08:01 808184                     /lib/x86_64-linux-gnu/libnsl-2.21.so
7feadc974000-7feadc976000 rw-p 00000000 00:00 0 
7feadc976000-7feadc97e000 r-xp 00000000 08:01 792292                     /lib/x86_64-linux-gnu/libnss_compat-2.21.so
7feadc97e000-7feadcb7d000 ---p 00008000 08:01 792292                     /lib/x86_64-linux-gnu/libnss_compat-2.21.so
7feadcb7d000-7feadcb7e000 r--p 00007000 08:01 792292                     /lib/x86_64-linux-gnu/libnss_compat-2.21.so
7feadcb7e000-7feadcb7f000 rw-p 00008000 08:01 792292                     /lib/x86_64-linux-gnu/libnss_compat-2.21.so
7feadcb7f000-7feadcba9000 r-xp 00000000 08:01 5148758                    /usr/lib/jvm/java-8-oracle/jre/lib/amd64/libjava.so
7feadcba9000-7feadcda9000 ---p 0002a000 08:01 5148758                    /usr/lib/jvm/java-8-oracle/jre/lib/amd64/libjava.so
7feadcda9000-7feadcdab000 rw-p 0002a000 08:01 5148758                    /usr/lib/jvm/java-8-oracle/jre/lib/amd64/libjava.so
7feadcdab000-7feadcdb8000 r-xp 00000000 08:01 5148712                    /usr/lib/jvm/java-8-oracle/jre/lib/amd64/libverify.so
7feadcdb8000-7feadcfb8000 ---p 0000d000 08:01 5148712                    /usr/lib/jvm/java-8-oracle/jre/lib/amd64/libverify.so
7feadcfb8000-7feadcfba000 rw-p 0000d000 08:01 5148712                    /usr/lib/jvm/java-8-oracle/jre/lib/amd64/libverify.so
7feadcfba000-7feadcfc1000 r-xp 00000000 08:01 792201                     /lib/x86_64-linux-gnu/librt-2.21.so
7feadcfc1000-7feadd1c0000 ---p 00007000 08:01 792201                     /lib/x86_64-linux-gnu/librt-2.21.so
7feadd1c0000-7feadd1c1000 r--p 00006000 08:01 792201                     /lib/x86_64-linux-gnu/librt-2.21.so
7feadd1c1000-7feadd1c2000 rw-p 00007000 08:01 792201                     /lib/x86_64-linux-gnu/librt-2.21.so
7feadd1c2000-7feadd2c9000 r-xp 00000000 08:01 808170                     /lib/x86_64-linux-gnu/libm-2.21.so
7feadd2c9000-7feadd4c8000 ---p 00107000 08:01 808170                     /lib/x86_64-linux-gnu/libm-2.21.so
7feadd4c8000-7feadd4c9000 r--p 00106000 08:01 808170                     /lib/x86_64-linux-gnu/libm-2.21.so
7feadd4c9000-7feadd4ca000 rw-p 00107000 08:01 808170                     /lib/x86_64-linux-gnu/libm-2.21.so
7feadd4ca000-7feade195000 r-xp 00000000 08:01 5148762                    /usr/lib/jvm/java-8-oracle/jre/lib/amd64/server/libjvm.so
7feade195000-7feade394000 ---p 00ccb000 08:01 5148762                    /usr/lib/jvm/java-8-oracle/jre/lib/amd64/server/libjvm.so
7feade394000-7feade46d000 rw-p 00cca000 08:01 5148762                    /usr/lib/jvm/java-8-oracle/jre/lib/amd64/server/libjvm.so
7feade46d000-7feade4b8000 rw-p 00000000 00:00 0 
7feade4b8000-7feade678000 r-xp 00000000 08:01 808187                     /lib/x86_64-linux-gnu/libc-2.21.so
7feade678000-7feade878000 ---p 001c0000 08:01 808187                     /lib/x86_64-linux-gnu/libc-2.21.so
7feade878000-7feade87c000 r--p 001c0000 08:01 808187                     /lib/x86_64-linux-gnu/libc-2.21.so
7feade87c000-7feade87e000 rw-p 001c4000 08:01 808187                     /lib/x86_64-linux-gnu/libc-2.21.so
7feade87e000-7feade882000 rw-p 00000000 00:00 0 
7feade882000-7feade885000 r-xp 00000000 08:01 808174                     /lib/x86_64-linux-gnu/libdl-2.21.so
7feade885000-7feadea84000 ---p 00003000 08:01 808174                     /lib/x86_64-linux-gnu/libdl-2.21.so
7feadea84000-7feadea85000 r--p 00002000 08:01 808174                     /lib/x86_64-linux-gnu/libdl-2.21.so
7feadea85000-7feadea86000 rw-p 00003000 08:01 808174                     /lib/x86_64-linux-gnu/libdl-2.21.so
7feadea86000-7feadea9b000 r-xp 00000000 08:01 5148748                    /usr/lib/jvm/java-8-oracle/jre/lib/amd64/jli/libjli.so
7feadea9b000-7feadec9b000 ---p 00015000 08:01 5148748                    /usr/lib/jvm/java-8-oracle/jre/lib/amd64/jli/libjli.so
7feadec9b000-7feadec9c000 rw-p 00015000 08:01 5148748                    /usr/lib/jvm/java-8-oracle/jre/lib/amd64/jli/libjli.so
7feadec9c000-7feadecb4000 r-xp 00000000 08:01 808171                     /lib/x86_64-linux-gnu/libpthread-2.21.so
7feadecb4000-7feadeeb4000 ---p 00018000 08:01 808171                     /lib/x86_64-linux-gnu/libpthread-2.21.so
7feadeeb4000-7feadeeb5000 r--p 00018000 08:01 808171                     /lib/x86_64-linux-gnu/libpthread-2.21.so
7feadeeb5000-7feadeeb6000 rw-p 00019000 08:01 808171                     /lib/x86_64-linux-gnu/libpthread-2.21.so
7feadeeb6000-7feadeeba000 rw-p 00000000 00:00 0 
7feadeeba000-7feadeede000 r-xp 00000000 08:01 808185                     /lib/x86_64-linux-gnu/ld-2.21.so
7feadef08000-7feadefb6000 rw-p 00000000 00:00 0 
7feadefb6000-7feadefb9000 ---p 00000000 00:00 0 
7feadefb9000-7feadf0bb000 rw-p 00000000 00:00 0 
7feadf0bb000-7feadf0bf000 r--s 00097000 08:01 5148655                    /usr/lib/jvm/java-8-oracle/jre/lib/jsse.jar
7feadf0bf000-7feadf0cd000 r-xp 00000000 08:01 793747                     /lib/x86_64-linux-gnu/libnss_myhostname.so.2
7feadf0cd000-7feadf0d0000 r--p 0000d000 08:01 793747                     /lib/x86_64-linux-gnu/libnss_myhostname.so.2
7feadf0d0000-7feadf0d1000 rw-p 00010000 08:01 793747                     /lib/x86_64-linux-gnu/libnss_myhostname.so.2
7feadf0d1000-7feadf0d9000 rw-s 00000000 08:01 3670044                    /tmp/hsperfdata_hengxin/6034
7feadf0d9000-7feadf0da000 rw-p 00000000 00:00 0 
7feadf0da000-7feadf0db000 r--p 00000000 00:00 0 
7feadf0db000-7feadf0dd000 rw-p 00000000 00:00 0 
7feadf0dd000-7feadf0de000 r--p 00023000 08:01 808185                     /lib/x86_64-linux-gnu/ld-2.21.so
7feadf0de000-7feadf0df000 rw-p 00024000 08:01 808185                     /lib/x86_64-linux-gnu/ld-2.21.so
7feadf0df000-7feadf0e0000 rw-p 00000000 00:00 0 
7ffe62de9000-7ffe62e0a000 rw-p 00000000 00:00 0                          [stack]
7ffe62f2b000-7ffe62f2d000 r--p 00000000 00:00 0                          [vvar]
7ffe62f2d000-7ffe62f2f000 r-xp 00000000 00:00 0                          [vdso]
ffffffffff600000-ffffffffff601000 r-xp 00000000 00:00 0                  [vsyscall]

VM Arguments:
java_command: /home/hengxin/idea-projects/chameleon-transactional-kvstore-maven/target/aliyun/batch.jar 4 5 1-0-0 aliyun/client/site-client.properties aliyun/client/cf-client.properties aliyun/client/to-client.properties
java_class_path (initial): /home/hengxin/idea-projects/chameleon-transactional-kvstore-maven/target/aliyun/batch.jar
Launcher Type: SUN_STANDARD

Environment Variables:
PATH=/usr/local/texlive/2015/bin/x86_64-linux:/usr/local/texlive/2015/bin/x86_64-linux:/opt/texbin:/usr/local/sbin:/usr/local/bin:/usr/sbin:/usr/bin:/sbin:/bin:/usr/games:/usr/local/games:/home/hengxin/.rvm/bin:/home/hengxin/.rvm/bin:/home/hengxin/.rvm/bin:/home/hengxin/.rvm/bin
USERNAME=hengxin
SHELL=/bin/bash
DISPLAY=:1

Signal Handlers:
SIGSEGV: [libjvm.so+0xac4790], sa_mask[0]=11111111011111111101111111111110, sa_flags=SA_RESTART|SA_SIGINFO
SIGBUS: [libjvm.so+0xac4790], sa_mask[0]=11111111011111111101111111111110, sa_flags=SA_RESTART|SA_SIGINFO
SIGFPE: [libjvm.so+0x91f140], sa_mask[0]=11111111011111111101111111111110, sa_flags=SA_RESTART|SA_SIGINFO
SIGPIPE: [libjvm.so+0x91f140], sa_mask[0]=11111111011111111101111111111110, sa_flags=SA_RESTART|SA_SIGINFO
SIGXFSZ: [libjvm.so+0x91f140], sa_mask[0]=11111111011111111101111111111110, sa_flags=SA_RESTART|SA_SIGINFO
SIGILL: [libjvm.so+0x91f140], sa_mask[0]=11111111011111111101111111111110, sa_flags=SA_RESTART|SA_SIGINFO
SIGUSR1: SIG_DFL, sa_mask[0]=00000000000000000000000000000000, sa_flags=none
SIGUSR2: [libjvm.so+0x920770], sa_mask[0]=00000000000000000000000000000000, sa_flags=SA_RESTART|SA_SIGINFO
SIGHUP: [libjvm.so+0x921b70], sa_mask[0]=11111111011111111101111111111110, sa_flags=SA_RESTART|SA_SIGINFO
SIGINT: [libjvm.so+0x921b70], sa_mask[0]=11111111011111111101111111111110, sa_flags=SA_RESTART|SA_SIGINFO
SIGTERM: [libjvm.so+0x921b70], sa_mask[0]=11111111011111111101111111111110, sa_flags=SA_RESTART|SA_SIGINFO
SIGQUIT: [libjvm.so+0x921b70], sa_mask[0]=11111111011111111101111111111110, sa_flags=SA_RESTART|SA_SIGINFO


---------------  S Y S T E M  ---------------

OS:DISTRIB_ID=Ubuntu
DISTRIB_RELEASE=15.10
DISTRIB_CODENAME=wily
DISTRIB_DESCRIPTION="Ubuntu 15.10"

uname:Linux 4.2.0-42-generic #49-Ubuntu SMP Tue Jun 28 21:26:26 UTC 2016 x86_64
libc:glibc 2.21 NPTL 2.21 
rlimit: STACK 8192k, CORE 0k, NPROC 63565, NOFILE 65536, AS infinity
load average:0.06 0.23 0.29

/proc/meminfo:
MemTotal:       16309576 kB
MemFree:         4654532 kB
MemAvailable:    8864692 kB
Buffers:          513520 kB
Cached:          4336140 kB
SwapCached:            0 kB
Active:          8565096 kB
Inactive:        2525724 kB
Active(anon):    6281556 kB
Inactive(anon):   671612 kB
Active(file):    2283540 kB
Inactive(file):  1854112 kB
Unevictable:        1020 kB
Mlocked:            1020 kB
SwapTotal:             0 kB
SwapFree:              0 kB
Dirty:               132 kB
Writeback:             0 kB
AnonPages:       6242040 kB
Mapped:           801404 kB
Shmem:            712012 kB
Slab:             389236 kB
SReclaimable:     325924 kB
SUnreclaim:        63312 kB
KernelStack:       17792 kB
PageTables:        79980 kB
NFS_Unstable:          0 kB
Bounce:                0 kB
WritebackTmp:          0 kB
CommitLimit:     8154788 kB
Committed_AS:   16195264 kB
VmallocTotal:   34359738367 kB
VmallocUsed:      374188 kB
VmallocChunk:   34358945788 kB
HardwareCorrupted:     0 kB
AnonHugePages:   3684352 kB
CmaTotal:              0 kB
CmaFree:               0 kB
HugePages_Total:       0
HugePages_Free:        0
HugePages_Rsvd:        0
HugePages_Surp:        0
Hugepagesize:       2048 kB
DirectMap4k:      335312 kB
DirectMap2M:    16320512 kB


CPU:total 4 (4 cores per cpu, 2 threads per core) family 6 model 42 stepping 7, cmov, cx8, fxsr, mmx, sse, sse2, sse3, ssse3, sse4.1, sse4.2, popcnt, avx, aes, clmul, ht, tsc, tscinvbit

/proc/cpuinfo:
processor	: 0
vendor_id	: GenuineIntel
cpu family	: 6
model		: 42
model name	: Intel(R) Core(TM) i7-2600 CPU @ 3.40GHz
stepping	: 7
microcode	: 0x25
cpu MHz		: 1600.257
cache size	: 8192 KB
physical id	: 0
siblings	: 4
core id		: 0
cpu cores	: 4
apicid		: 0
initial apicid	: 0
fpu		: yes
fpu_exception	: yes
cpuid level	: 13
wp		: yes
flags		: fpu vme de pse tsc msr pae mce cx8 apic sep mtrr pge mca cmov pat pse36 clflush dts acpi mmx fxsr sse sse2 ss ht tm pbe syscall nx rdtscp lm constant_tsc arch_perfmon pebs bts rep_good nopl xtopology nonstop_tsc aperfmperf eagerfpu pni pclmulqdq dtes64 monitor ds_cpl vmx smx est tm2 ssse3 cx16 xtpr pdcm pcid sse4_1 sse4_2 x2apic popcnt tsc_deadline_timer aes xsave avx lahf_lm ida arat epb pln pts dtherm tpr_shadow vnmi flexpriority ept vpid xsaveopt
bugs		:
bogomips	: 6784.29
clflush size	: 64
cache_alignment	: 64
address sizes	: 36 bits physical, 48 bits virtual
power management:

processor	: 1
vendor_id	: GenuineIntel
cpu family	: 6
model		: 42
model name	: Intel(R) Core(TM) i7-2600 CPU @ 3.40GHz
stepping	: 7
microcode	: 0x25
cpu MHz		: 1768.929
cache size	: 8192 KB
physical id	: 0
siblings	: 4
core id		: 1
cpu cores	: 4
apicid		: 2
initial apicid	: 2
fpu		: yes
fpu_exception	: yes
cpuid level	: 13
wp		: yes
flags		: fpu vme de pse tsc msr pae mce cx8 apic sep mtrr pge mca cmov pat pse36 clflush dts acpi mmx fxsr sse sse2 ss ht tm pbe syscall nx rdtscp lm constant_tsc arch_perfmon pebs bts rep_good nopl xtopology nonstop_tsc aperfmperf eagerfpu pni pclmulqdq dtes64 monitor ds_cpl vmx smx est tm2 ssse3 cx16 xtpr pdcm pcid sse4_1 sse4_2 x2apic popcnt tsc_deadline_timer aes xsave avx lahf_lm ida arat epb pln pts dtherm tpr_shadow vnmi flexpriority ept vpid xsaveopt
bugs		:
bogomips	: 6784.29
clflush size	: 64
cache_alignment	: 64
address sizes	: 36 bits physical, 48 bits virtual
power management:

processor	: 2
vendor_id	: GenuineIntel
cpu family	: 6
model		: 42
model name	: Intel(R) Core(TM) i7-2600 CPU @ 3.40GHz
stepping	: 7
microcode	: 0x25
cpu MHz		: 1614.734
cache size	: 8192 KB
physical id	: 0
siblings	: 4
core id		: 2
cpu cores	: 4
apicid		: 4
initial apicid	: 4
fpu		: yes
fpu_exception	: yes
cpuid level	: 13
wp		: yes
flags		: fpu vme de pse tsc msr pae mce cx8 apic sep mtrr pge mca cmov pat pse36 clflush dts acpi mmx fxsr sse sse2 ss ht tm pbe syscall nx rdtscp lm constant_tsc arch_perfmon pebs bts rep_good nopl xtopology nonstop_tsc aperfmperf eagerfpu pni pclmulqdq dtes64 monitor ds_cpl vmx smx est tm2 ssse3 cx16 xtpr pdcm pcid sse4_1 sse4_2 x2apic popcnt tsc_deadline_timer aes xsave avx lahf_lm ida arat epb pln pts dtherm tpr_shadow vnmi flexpriority ept vpid xsaveopt
bugs		:
bogomips	: 6784.29
clflush size	: 64
cache_alignment	: 64
address sizes	: 36 bits physical, 48 bits virtual
power management:

processor	: 3
vendor_id	: GenuineIntel
cpu family	: 6
model		: 42
model name	: Intel(R) Core(TM) i7-2600 CPU @ 3.40GHz
stepping	: 7
microcode	: 0x25
cpu MHz		: 1626.156
cache size	: 8192 KB
physical id	: 0
siblings	: 4
core id		: 3
cpu cores	: 4
apicid		: 6
initial apicid	: 6
fpu		: yes
fpu_exception	: yes
cpuid level	: 13
wp		: yes
flags		: fpu vme de pse tsc msr pae mce cx8 apic sep mtrr pge mca cmov pat pse36 clflush dts acpi mmx fxsr sse sse2 ss ht tm pbe syscall nx rdtscp lm constant_tsc arch_perfmon pebs bts rep_good nopl xtopology nonstop_tsc aperfmperf eagerfpu pni pclmulqdq dtes64 monitor ds_cpl vmx smx est tm2 ssse3 cx16 xtpr pdcm pcid sse4_1 sse4_2 x2apic popcnt tsc_deadline_timer aes xsave avx lahf_lm ida arat epb pln pts dtherm tpr_shadow vnmi flexpriority ept vpid xsaveopt
bugs		:
bogomips	: 6784.29
clflush size	: 64
cache_alignment	: 64
address sizes	: 36 bits physical, 48 bits virtual
power management:



Memory: 4k page, physical 16309576k(4654532k free), swap 0k(0k free)

vm_info: Java HotSpot(TM) 64-Bit Server VM (25.101-b13) for linux-amd64 JRE (1.8.0_101-b13), built on Jun 22 2016 02:59:44 by "java_re" with gcc 4.3.0 20080428 (Red Hat 4.3.0-8)

time: Wed Sep 28 21:55:33 2016
elapsed time: 1483 seconds (0d 0h 24m 43s)

